<?xml version="1.0" encoding="UTF-8"?>
<testng-results ignored="0" total="3" passed="2" failed="1" skipped="0">
  <reporter-output>
  </reporter-output>
  <suite started-at="2023-03-08T16:48:43 IST" name="Suite" finished-at="2023-03-08T16:50:16 IST" duration-ms="93151">
    <groups>
    </groups>
    <test started-at="2023-03-08T16:48:43 IST" name="Test" finished-at="2023-03-08T16:50:16 IST" duration-ms="93151">
      <class name="flashcart.admin.CreateUserTest">
        <test-method is-config="true" signature="beforeClassConfig(java.lang.String)[pri:0, instance:flashcart.admin.CreateUserTest@5562c41e]" started-at="2023-03-08T16:48:43 IST" name="beforeClassConfig" finished-at="2023-03-08T16:49:08 IST" duration-ms="24921" status="PASS">
          <params>
            <param index="0">
              <value is-null="true"/>
            </param>
          </params>
          <reporter-output>
          </reporter-output>
        </test-method> <!-- beforeClassConfig -->
        <test-method is-config="true" signature="bmConfig()[pri:0, instance:flashcart.admin.CreateUserTest@5562c41e]" started-at="2023-03-08T16:49:08 IST" name="bmConfig" finished-at="2023-03-08T16:49:15 IST" duration-ms="7201" status="PASS">
          <reporter-output>
          </reporter-output>
        </test-method> <!-- bmConfig -->
        <test-method signature="Order()[pri:0, instance:flashcart.admin.CreateUserTest@5562c41e]" started-at="2023-03-08T16:49:15 IST" name="Order" finished-at="2023-03-08T16:49:28 IST" duration-ms="12631" status="PASS">
          <reporter-output>
          </reporter-output>
        </test-method> <!-- Order -->
        <test-method is-config="true" signature="amTearDown()[pri:0, instance:flashcart.admin.CreateUserTest@5562c41e]" started-at="2023-03-08T16:49:28 IST" name="amTearDown" finished-at="2023-03-08T16:49:28 IST" duration-ms="1" status="PASS">
          <reporter-output>
          </reporter-output>
        </test-method> <!-- amTearDown -->
        <test-method is-config="true" signature="atTeardown()[pri:0, instance:flashcart.admin.CreateUserTest@5562c41e]" started-at="2023-03-08T16:49:28 IST" name="atTeardown" finished-at="2023-03-08T16:49:30 IST" duration-ms="1891" status="PASS">
          <reporter-output>
          </reporter-output>
        </test-method> <!-- atTeardown -->
      </class> <!-- flashcart.admin.CreateUserTest -->
      <class name="flashcart.user.WhishListTest">
        <test-method is-config="true" signature="beforeClassConfig(java.lang.String)[pri:0, instance:flashcart.user.WhishListTest@6da21078]" started-at="2023-03-08T16:49:30 IST" name="beforeClassConfig" finished-at="2023-03-08T16:49:43 IST" duration-ms="12640" status="PASS">
          <params>
            <param index="0">
              <value is-null="true"/>
            </param>
          </params>
          <reporter-output>
          </reporter-output>
        </test-method> <!-- beforeClassConfig -->
        <test-method is-config="true" signature="bmConfig()[pri:0, instance:flashcart.user.WhishListTest@6da21078]" started-at="2023-03-08T16:49:43 IST" name="bmConfig" finished-at="2023-03-08T16:49:50 IST" duration-ms="7177" status="PASS">
          <reporter-output>
          </reporter-output>
        </test-method> <!-- bmConfig -->
        <test-method signature="wishList()[pri:0, instance:flashcart.user.WhishListTest@6da21078]" started-at="2023-03-08T16:49:50 IST" name="wishList" finished-at="2023-03-08T16:49:51 IST" duration-ms="958" status="FAIL">
          <exception class="org.openqa.selenium.NoSuchWindowException">
            <message>
              <![CDATA[no such window: target window already closed
from unknown error: web view not found
  (Session info: chrome=110.0.5481.178)
Build info: version: '3.141.59', revision: 'e82be7d358', time: '2018-11-14T08:17:03'
System info: host: 'DESKTOP-V773E8K', ip: '192.168.137.1', os.name: 'Windows 10', os.arch: 'amd64', os.version: '10.0', java.version: '16.0.1'
Driver info: org.openqa.selenium.chrome.ChromeDriver
Capabilities {acceptInsecureCerts: false, browserName: chrome, browserVersion: 110.0.5481.178, chrome: {chromedriverVersion: 110.0.5481.30 (aedb656755c4..., userDataDir: C:\Users\shubh\AppData\Loca...}, goog:chromeOptions: {debuggerAddress: localhost:64770}, javascriptEnabled: true, networkConnectionEnabled: false, pageLoadStrategy: normal, platform: WINDOWS, platformName: WINDOWS, proxy: Proxy(), setWindowRect: true, strictFileInteractability: false, timeouts: {implicit: 0, pageLoad: 300000, script: 30000}, unhandledPromptBehavior: dismiss and notify, webauthn:extension:credBlob: true, webauthn:extension:largeBlob: true, webauthn:virtualAuthenticators: true}
Session ID: 2f37baa35ff5180f52a5f5714ed6621f
*** Element info: {Using=link text, value=Login}]]>
            </message>
            <full-stacktrace>
              <![CDATA[org.openqa.selenium.NoSuchWindowException: no such window: target window already closed
from unknown error: web view not found
  (Session info: chrome=110.0.5481.178)
Build info: version: '3.141.59', revision: 'e82be7d358', time: '2018-11-14T08:17:03'
System info: host: 'DESKTOP-V773E8K', ip: '192.168.137.1', os.name: 'Windows 10', os.arch: 'amd64', os.version: '10.0', java.version: '16.0.1'
Driver info: org.openqa.selenium.chrome.ChromeDriver
Capabilities {acceptInsecureCerts: false, browserName: chrome, browserVersion: 110.0.5481.178, chrome: {chromedriverVersion: 110.0.5481.30 (aedb656755c4..., userDataDir: C:\Users\shubh\AppData\Loca...}, goog:chromeOptions: {debuggerAddress: localhost:64770}, javascriptEnabled: true, networkConnectionEnabled: false, pageLoadStrategy: normal, platform: WINDOWS, platformName: WINDOWS, proxy: Proxy(), setWindowRect: true, strictFileInteractability: false, timeouts: {implicit: 0, pageLoad: 300000, script: 30000}, unhandledPromptBehavior: dismiss and notify, webauthn:extension:credBlob: true, webauthn:extension:largeBlob: true, webauthn:virtualAuthenticators: true}
Session ID: 2f37baa35ff5180f52a5f5714ed6621f
*** Element info: {Using=link text, value=Login}
at java.base/jdk.internal.reflect.NativeConstructorAccessorImpl.newInstance0(Native Method)
at java.base/jdk.internal.reflect.NativeConstructorAccessorImpl.newInstance(NativeConstructorAccessorImpl.java:78)
at java.base/jdk.internal.reflect.DelegatingConstructorAccessorImpl.newInstance(DelegatingConstructorAccessorImpl.java:45)
at java.base/java.lang.reflect.Constructor.newInstanceWithCaller(Constructor.java:499)
at java.base/java.lang.reflect.Constructor.newInstance(Constructor.java:480)
at org.openqa.selenium.remote.http.W3CHttpResponseCodec.createException(W3CHttpResponseCodec.java:187)
at org.openqa.selenium.remote.http.W3CHttpResponseCodec.decode(W3CHttpResponseCodec.java:122)
at org.openqa.selenium.remote.http.W3CHttpResponseCodec.decode(W3CHttpResponseCodec.java:49)
at org.openqa.selenium.remote.HttpCommandExecutor.execute(HttpCommandExecutor.java:158)
at org.openqa.selenium.remote.service.DriverCommandExecutor.execute(DriverCommandExecutor.java:83)
at org.openqa.selenium.remote.RemoteWebDriver.execute(RemoteWebDriver.java:552)
at org.openqa.selenium.remote.RemoteWebDriver.findElement(RemoteWebDriver.java:323)
at org.openqa.selenium.remote.RemoteWebDriver.findElementByLinkText(RemoteWebDriver.java:380)
at org.openqa.selenium.By$ByLinkText.findElement(By.java:220)
at org.openqa.selenium.remote.RemoteWebDriver.findElement(RemoteWebDriver.java:315)
at org.openqa.selenium.support.pagefactory.DefaultElementLocator.findElement(DefaultElementLocator.java:69)
at org.openqa.selenium.support.pagefactory.internal.LocatingElementHandler.invoke(LocatingElementHandler.java:38)
at jdk.proxy2/jdk.proxy2.$Proxy17.click(Unknown Source)
at ObjectRepositry.pom.OrderLoginPage.userLoginaction(OrderLoginPage.java:32)
at flashcart.user.WhishListTest.wishList(WhishListTest.java:61)
at java.base/jdk.internal.reflect.NativeMethodAccessorImpl.invoke0(Native Method)
at java.base/jdk.internal.reflect.NativeMethodAccessorImpl.invoke(NativeMethodAccessorImpl.java:78)
at java.base/jdk.internal.reflect.DelegatingMethodAccessorImpl.invoke(DelegatingMethodAccessorImpl.java:43)
at java.base/java.lang.reflect.Method.invoke(Method.java:567)
at org.testng.internal.MethodInvocationHelper.invokeMethod(MethodInvocationHelper.java:133)
at org.testng.internal.TestInvoker.invokeMethod(TestInvoker.java:598)
at org.testng.internal.TestInvoker.invokeTestMethod(TestInvoker.java:173)
at org.testng.internal.MethodRunner.runInSequence(MethodRunner.java:46)
at org.testng.internal.TestInvoker$MethodInvocationAgent.invoke(TestInvoker.java:824)
at org.testng.internal.TestInvoker.invokeTestMethods(TestInvoker.java:146)
at org.testng.internal.TestMethodWorker.invokeTestMethods(TestMethodWorker.java:146)
at org.testng.internal.TestMethodWorker.run(TestMethodWorker.java:128)
at java.base/java.util.ArrayList.forEach(ArrayList.java:1511)
at org.testng.TestRunner.privateRun(TestRunner.java:794)
at org.testng.TestRunner.run(TestRunner.java:596)
at org.testng.SuiteRunner.runTest(SuiteRunner.java:377)
at org.testng.SuiteRunner.runSequentially(SuiteRunner.java:371)
at org.testng.SuiteRunner.privateRun(SuiteRunner.java:332)
at org.testng.SuiteRunner.run(SuiteRunner.java:276)
at org.testng.SuiteRunnerWorker.runSuite(SuiteRunnerWorker.java:53)
at org.testng.SuiteRunnerWorker.run(SuiteRunnerWorker.java:96)
at org.testng.TestNG.runSuitesSequentially(TestNG.java:1212)
at org.testng.TestNG.runSuitesLocally(TestNG.java:1134)
at org.testng.TestNG.runSuites(TestNG.java:1063)
at org.testng.TestNG.run(TestNG.java:1031)
at org.testng.remote.AbstractRemoteTestNG.run(AbstractRemoteTestNG.java:115)
at org.testng.remote.RemoteTestNG.initAndRun(RemoteTestNG.java:251)
at org.testng.remote.RemoteTestNG.main(RemoteTestNG.java:77)
]]>
            </full-stacktrace>
          </exception> <!-- org.openqa.selenium.NoSuchWindowException -->
          <reporter-output>
          </reporter-output>
        </test-method> <!-- wishList -->
        <test-method is-config="true" signature="amTearDown()[pri:0, instance:flashcart.user.WhishListTest@6da21078]" started-at="2023-03-08T16:49:51 IST" name="amTearDown" finished-at="2023-03-08T16:49:51 IST" duration-ms="1" status="PASS">
          <reporter-output>
          </reporter-output>
        </test-method> <!-- amTearDown -->
        <test-method is-config="true" signature="atTeardown()[pri:0, instance:flashcart.user.WhishListTest@6da21078]" started-at="2023-03-08T16:49:51 IST" name="atTeardown" finished-at="2023-03-08T16:49:52 IST" duration-ms="944" status="PASS">
          <reporter-output>
          </reporter-output>
        </test-method> <!-- atTeardown -->
      </class> <!-- flashcart.user.WhishListTest -->
      <class name="flashcart.user.OrderTest">
        <test-method is-config="true" signature="beforeClassConfig(java.lang.String)[pri:0, instance:flashcart.user.OrderTest@7fee8714]" started-at="2023-03-08T16:49:52 IST" name="beforeClassConfig" finished-at="2023-03-08T16:49:56 IST" duration-ms="3986" status="PASS">
          <params>
            <param index="0">
              <value is-null="true"/>
            </param>
          </params>
          <reporter-output>
          </reporter-output>
        </test-method> <!-- beforeClassConfig -->
        <test-method is-config="true" signature="bmConfig()[pri:0, instance:flashcart.user.OrderTest@7fee8714]" started-at="2023-03-08T16:49:56 IST" name="bmConfig" finished-at="2023-03-08T16:50:08 IST" duration-ms="12042" status="PASS">
          <reporter-output>
          </reporter-output>
        </test-method> <!-- bmConfig -->
        <test-method signature="Order()[pri:0, instance:flashcart.user.OrderTest@7fee8714]" started-at="2023-03-08T16:50:08 IST" name="Order" finished-at="2023-03-08T16:50:15 IST" duration-ms="7313" status="PASS">
          <reporter-output>
          </reporter-output>
        </test-method> <!-- Order -->
        <test-method is-config="true" signature="amTearDown()[pri:0, instance:flashcart.user.OrderTest@7fee8714]" started-at="2023-03-08T16:50:15 IST" name="amTearDown" finished-at="2023-03-08T16:50:15 IST" duration-ms="0" status="PASS">
          <reporter-output>
          </reporter-output>
        </test-method> <!-- amTearDown -->
        <test-method is-config="true" signature="atTeardown()[pri:0, instance:flashcart.user.OrderTest@7fee8714]" started-at="2023-03-08T16:50:15 IST" name="atTeardown" finished-at="2023-03-08T16:50:16 IST" duration-ms="1323" status="PASS">
          <reporter-output>
          </reporter-output>
        </test-method> <!-- atTeardown -->
      </class> <!-- flashcart.user.OrderTest -->
    </test> <!-- Test -->
  </suite> <!-- Suite -->
</testng-results>
