<?xml version="1.0" encoding="UTF-8"?>
<testng-results ignored="0" total="1" passed="1" failed="0" skipped="0">
  <reporter-output>
  </reporter-output>
  <suite started-at="2023-03-07T15:54:40 IST" name="Default suite" finished-at="2023-03-07T15:55:51 IST" duration-ms="71009">
    <groups>
    </groups>
    <test started-at="2023-03-07T15:54:40 IST" name="Default test" finished-at="2023-03-07T15:55:51 IST" duration-ms="71009">
      <class name="flashcart.admin.CreateUserTest">
        <test-method is-config="true" signature="beforeClassConfig(java.lang.String)[pri:0, instance:flashcart.admin.CreateUserTest@71def8f8]" started-at="2023-03-07T15:54:40 IST" name="beforeClassConfig" finished-at="2023-03-07T15:55:20 IST" duration-ms="39792" status="PASS">
          <params>
            <param index="0">
              <value is-null="true"/>
            </param>
          </params>
          <reporter-output>
          </reporter-output>
        </test-method> <!-- beforeClassConfig -->
        <test-method is-config="true" signature="bmConfig()[pri:0, instance:flashcart.admin.CreateUserTest@71def8f8]" started-at="2023-03-07T15:55:20 IST" name="bmConfig" finished-at="2023-03-07T15:55:32 IST" duration-ms="12447" status="PASS">
          <reporter-output>
          </reporter-output>
        </test-method> <!-- bmConfig -->
        <test-method signature="Order()[pri:0, instance:flashcart.admin.CreateUserTest@71def8f8]" started-at="2023-03-07T15:55:32 IST" name="Order" finished-at="2023-03-07T15:55:49 IST" duration-ms="16330" status="PASS">
          <reporter-output>
          </reporter-output>
        </test-method> <!-- Order -->
        <test-method is-config="true" signature="amTearDown()[pri:0, instance:flashcart.admin.CreateUserTest@71def8f8]" started-at="2023-03-07T15:55:49 IST" name="amTearDown" finished-at="2023-03-07T15:55:49 IST" duration-ms="1" status="PASS">
          <reporter-output>
          </reporter-output>
        </test-method> <!-- amTearDown -->
        <test-method is-config="true" signature="atTeardown()[pri:0, instance:flashcart.admin.CreateUserTest@71def8f8]" started-at="2023-03-07T15:55:49 IST" name="atTeardown" finished-at="2023-03-07T15:55:51 IST" duration-ms="2355" status="PASS">
          <reporter-output>
          </reporter-output>
        </test-method> <!-- atTeardown -->
      </class> <!-- flashcart.admin.CreateUserTest -->
    </test> <!-- Default test -->
  </suite> <!-- Default suite -->
</testng-results>
